[2025-09-07T22:06:54.756-06:00] argv {
  _: [ 'autosell_demo.yaml' ],
  headed: true,
  'keep-window': true,
  keepWindow: true,
  '$0': '/home/mg/Yandex.Disk/L1der/Finalproject-mg/node_modules/.bin/midscene'
}
[2025-09-07T22:07:09.127-06:00] argv {
  _: [ 'autosell_demo.yaml' ],
  headed: true,
  'keep-window': true,
  keepWindow: true,
  '$0': '/home/mg/Yandex.Disk/L1der/Finalproject-mg/node_modules/.bin/midscene'
}
[2025-09-07T22:08:01.143-06:00] argv {
  _: [ 'autosell_demo.yaml' ],
  headed: true,
  '$0': '/home/mg/Yandex.Disk/L1der/Finalproject-mg/node_modules/.bin/midscene'
}
[2025-09-07T22:08:15.981-06:00] argv {
  _: [ 'autosell_demo.yaml' ],
  headed: true,
  '$0': '/home/mg/Yandex.Disk/L1der/Finalproject-mg/node_modules/.bin/midscene'
}
[2025-09-07T22:08:30.696-06:00] argv {
  _: [ 'autosell_demo.yaml' ],
  headed: true,
  '$0': '/home/mg/Yandex.Disk/L1der/Finalproject-mg/node_modules/.bin/midscene'
}
[2025-09-07T22:13:11.628-06:00] argv {
  _: [ 'autosell_demo.yaml' ],
  headed: true,
  web: {
    'user-agent': 'Mozilla/5.0 (X11; Linux x86_64) AppleWebKit/537.36',
    userAgent: 'Mozilla/5.0 (X11; Linux x86_64) AppleWebKit/537.36'
  },
  '$0': '/home/mg/Yandex.Disk/L1der/Finalproject-mg/node_modules/.bin/midscene'
}
[2025-09-07T22:13:15.546-06:00] argv {
  _: [ 'autosell_demo.yaml' ],
  headed: true,
  '$0': '/home/mg/Yandex.Disk/L1der/Finalproject-mg/node_modules/.bin/midscene'
}
[2025-09-07T22:15:37.785-06:00] argv {
  _: [ 'autosell_demo.yaml' ],
  headed: true,
  'keep-window': true,
  keepWindow: true,
  '$0': '/home/mg/Yandex.Disk/L1der/Finalproject-mg/node_modules/.bin/midscene'
}
[2025-09-07T22:16:18.569-06:00] argv {
  _: [ 'autosell_demo.yaml' ],
  headed: true,
  'keep-window': true,
  keepWindow: true,
  '$0': '/home/mg/Yandex.Disk/L1der/Finalproject-mg/node_modules/.bin/midscene'
}
[2025-09-07T22:16:36.328-06:00] argv {
  _: [ 'autosell_demo.yaml' ],
  headed: true,
  'keep-window': true,
  keepWindow: true,
  '$0': '/home/mg/Yandex.Disk/L1der/Finalproject-mg/node_modules/.bin/midscene'
}
[2025-09-07T22:17:00.818-06:00] argv {
  _: [ 'autosell_demo.yaml' ],
  headed: true,
  'keep-window': true,
  keepWindow: true,
  '$0': '/home/mg/Yandex.Disk/L1der/Finalproject-mg/node_modules/.bin/midscene'
}
[2025-09-07T22:18:10.709-06:00] argv {
  _: [ 'autosell_demo.yaml' ],
  headed: true,
  'keep-window': true,
  keepWindow: true,
  '$0': '/home/mg/Yandex.Disk/L1der/Finalproject-mg/node_modules/.bin/midscene'
}
[2025-09-07T22:20:36.946-06:00] argv {
  _: [ 'autosell_demo.yaml' ],
  headed: true,
  'keep-window': true,
  keepWindow: true,
  '$0': '/home/mg/Yandex.Disk/L1der/Finalproject-mg/node_modules/.bin/midscene'
}
[2025-09-07T22:21:04.131-06:00] argv {
  _: [ 'autosell_demo.yaml' ],
  headed: true,
  'keep-window': true,
  keepWindow: true,
  '$0': '/home/mg/Yandex.Disk/L1der/Finalproject-mg/node_modules/.bin/midscene'
}
[2025-09-07T22:22:09.269-06:00] argv {
  _: [ 'autosell_demo.yaml' ],
  headed: true,
  'keep-window': true,
  keepWindow: true,
  '$0': '/home/mg/Yandex.Disk/L1der/Finalproject-mg/node_modules/.bin/midscene'
}
[2025-09-07T22:22:45.743-06:00] argv {
  _: [ 'autosell_demo_simple.yaml' ],
  headed: true,
  'keep-window': true,
  keepWindow: true,
  '$0': '/home/mg/Yandex.Disk/L1der/Finalproject-mg/node_modules/.bin/midscene'
}
[2025-09-07T22:23:17.482-06:00] argv {
  _: [ 'autosell_demo_fixed.yaml' ],
  headed: true,
  'keep-window': true,
  keepWindow: true,
  '$0': '/home/mg/Yandex.Disk/L1der/Finalproject-mg/node_modules/.bin/midscene'
}
[2025-09-07T22:24:57.523-06:00] argv {
  _: [ 'autosell_demo_correct.yaml' ],
  headed: true,
  'keep-window': true,
  keepWindow: true,
  '$0': '/home/mg/Yandex.Disk/L1der/Finalproject-mg/node_modules/.bin/midscene'
}
