[2025-09-07T22:13:15.578-06:00] launching browser with viewport, headed true viewport { width: 1440, height: 768, deviceScaleFactor: 1 } args [
  '--no-sandbox',
  '--disable-setuid-sandbox',
  '--disable-features=HttpsFirstBalancedModeAutoEnable',
  '--disable-features=PasswordLeakDetection',
  '--disable-save-password-bubble',
  '--user-agent="Mozilla/5.0 (Macintosh; Intel Mac OS X 10_15_7) AppleWebKit/537.36 (KHTML, like Gecko) Chrome/127.0.0.0 Safari/537.36"',
  '--start-maximized'
] preference {
  headed: true,
  keepWindow: false,
  testId: 'autosell_demo',
  cacheId: 'autosell_demo'
}
[2025-09-07T22:13:16.461-06:00] goto http://localhost:3000
[2025-09-07T22:13:17.171-06:00] waitForNetworkIdle 2000
[2025-09-07T22:15:37.818-06:00] launching browser with viewport, headed true viewport { width: 1440, height: 768, deviceScaleFactor: 1 } args [
  '--no-sandbox',
  '--disable-setuid-sandbox',
  '--disable-features=HttpsFirstBalancedModeAutoEnable',
  '--disable-features=PasswordLeakDetection',
  '--disable-save-password-bubble',
  '--user-agent="Mozilla/5.0 (Macintosh; Intel Mac OS X 10_15_7) AppleWebKit/537.36 (KHTML, like Gecko) Chrome/127.0.0.0 Safari/537.36"',
  '--start-maximized'
] preference {
  headed: true,
  keepWindow: true,
  testId: 'autosell_demo',
  cacheId: 'autosell_demo'
}
[2025-09-07T22:16:18.599-06:00] launching browser with viewport, headed true viewport { width: 1440, height: 768, deviceScaleFactor: 1 } args [
  '--no-sandbox',
  '--disable-setuid-sandbox',
  '--disable-features=HttpsFirstBalancedModeAutoEnable',
  '--disable-features=PasswordLeakDetection',
  '--disable-save-password-bubble',
  '--user-agent="Mozilla/5.0 (Macintosh; Intel Mac OS X 10_15_7) AppleWebKit/537.36 (KHTML, like Gecko) Chrome/127.0.0.0 Safari/537.36"',
  '--start-maximized'
] preference {
  headed: true,
  keepWindow: true,
  testId: 'autosell_demo',
  cacheId: 'autosell_demo'
}
[2025-09-07T22:16:36.361-06:00] launching browser with viewport, headed true viewport { width: 1440, height: 768, deviceScaleFactor: 1 } args [
  '--no-sandbox',
  '--disable-setuid-sandbox',
  '--disable-features=HttpsFirstBalancedModeAutoEnable',
  '--disable-features=PasswordLeakDetection',
  '--disable-save-password-bubble',
  '--user-agent="Mozilla/5.0 (Macintosh; Intel Mac OS X 10_15_7) AppleWebKit/537.36 (KHTML, like Gecko) Chrome/127.0.0.0 Safari/537.36"',
  '--start-maximized'
] preference {
  headed: true,
  keepWindow: true,
  testId: 'autosell_demo',
  cacheId: 'autosell_demo'
}
[2025-09-07T22:17:00.848-06:00] launching browser with viewport, headed true viewport { width: 1440, height: 768, deviceScaleFactor: 1 } args [
  '--no-sandbox',
  '--disable-setuid-sandbox',
  '--disable-features=HttpsFirstBalancedModeAutoEnable',
  '--disable-features=PasswordLeakDetection',
  '--disable-save-password-bubble',
  '--user-agent="Mozilla/5.0 (Macintosh; Intel Mac OS X 10_15_7) AppleWebKit/537.36 (KHTML, like Gecko) Chrome/127.0.0.0 Safari/537.36"',
  '--start-maximized'
] preference {
  headed: true,
  keepWindow: true,
  testId: 'autosell_demo',
  cacheId: 'autosell_demo'
}
[2025-09-07T22:18:10.739-06:00] launching browser with viewport, headed true viewport { width: 1440, height: 768, deviceScaleFactor: 1 } args [
  '--no-sandbox',
  '--disable-setuid-sandbox',
  '--disable-features=HttpsFirstBalancedModeAutoEnable',
  '--disable-features=PasswordLeakDetection',
  '--disable-save-password-bubble',
  '--user-agent="Mozilla/5.0 (Macintosh; Intel Mac OS X 10_15_7) AppleWebKit/537.36 (KHTML, like Gecko) Chrome/127.0.0.0 Safari/537.36"',
  '--start-maximized'
] preference {
  headed: true,
  keepWindow: true,
  testId: 'autosell_demo',
  cacheId: 'autosell_demo'
}
[2025-09-07T22:18:11.206-06:00] goto http://localhost:3000
[2025-09-07T22:18:11.691-06:00] waitForNetworkIdle 2000
[2025-09-07T22:20:36.977-06:00] launching browser with viewport, headed true viewport { width: 1440, height: 768, deviceScaleFactor: 1 } args [
  '--no-sandbox',
  '--disable-setuid-sandbox',
  '--disable-features=HttpsFirstBalancedModeAutoEnable',
  '--disable-features=PasswordLeakDetection',
  '--disable-save-password-bubble',
  '--user-agent="Mozilla/5.0 (Macintosh; Intel Mac OS X 10_15_7) AppleWebKit/537.36 (KHTML, like Gecko) Chrome/127.0.0.0 Safari/537.36"',
  '--start-maximized'
] preference {
  headed: true,
  keepWindow: true,
  testId: 'autosell_demo',
  cacheId: 'autosell_demo'
}
[2025-09-07T22:21:04.170-06:00] launching browser with viewport, headed true viewport { width: 1440, height: 768, deviceScaleFactor: 1 } args [
  '--no-sandbox',
  '--disable-setuid-sandbox',
  '--disable-features=HttpsFirstBalancedModeAutoEnable',
  '--disable-features=PasswordLeakDetection',
  '--disable-save-password-bubble',
  '--user-agent="Mozilla/5.0 (Macintosh; Intel Mac OS X 10_15_7) AppleWebKit/537.36 (KHTML, like Gecko) Chrome/127.0.0.0 Safari/537.36"',
  '--start-maximized'
] preference {
  headed: true,
  keepWindow: true,
  testId: 'autosell_demo',
  cacheId: 'autosell_demo'
}
[2025-09-07T22:22:09.299-06:00] launching browser with viewport, headed true viewport { width: 1440, height: 768, deviceScaleFactor: 1 } args [
  '--no-sandbox',
  '--disable-setuid-sandbox',
  '--disable-features=HttpsFirstBalancedModeAutoEnable',
  '--disable-features=PasswordLeakDetection',
  '--disable-save-password-bubble',
  '--user-agent="Mozilla/5.0 (Macintosh; Intel Mac OS X 10_15_7) AppleWebKit/537.36 (KHTML, like Gecko) Chrome/127.0.0.0 Safari/537.36"',
  '--start-maximized'
] preference {
  headed: true,
  keepWindow: true,
  testId: 'autosell_demo',
  cacheId: 'autosell_demo'
}
[2025-09-07T22:22:09.843-06:00] goto http://localhost:3000
[2025-09-07T22:22:10.419-06:00] waitForNetworkIdle 2000
[2025-09-07T22:22:45.772-06:00] launching browser with viewport, headed true viewport { width: 1440, height: 768, deviceScaleFactor: 1 } args [
  '--no-sandbox',
  '--disable-setuid-sandbox',
  '--disable-features=HttpsFirstBalancedModeAutoEnable',
  '--disable-features=PasswordLeakDetection',
  '--disable-save-password-bubble',
  '--user-agent="Mozilla/5.0 (Macintosh; Intel Mac OS X 10_15_7) AppleWebKit/537.36 (KHTML, like Gecko) Chrome/127.0.0.0 Safari/537.36"',
  '--start-maximized'
] preference {
  headed: true,
  keepWindow: true,
  testId: 'autosell_demo_simple',
  cacheId: 'autosell_demo_simple'
}
[2025-09-07T22:22:46.261-06:00] goto http://localhost:3000
[2025-09-07T22:22:46.705-06:00] waitForNetworkIdle 2000
[2025-09-07T22:23:17.512-06:00] launching browser with viewport, headed true viewport { width: 1440, height: 768, deviceScaleFactor: 1 } args [
  '--no-sandbox',
  '--disable-setuid-sandbox',
  '--disable-features=HttpsFirstBalancedModeAutoEnable',
  '--disable-features=PasswordLeakDetection',
  '--disable-save-password-bubble',
  '--user-agent="Mozilla/5.0 (Macintosh; Intel Mac OS X 10_15_7) AppleWebKit/537.36 (KHTML, like Gecko) Chrome/127.0.0.0 Safari/537.36"',
  '--start-maximized'
] preference {
  headed: true,
  keepWindow: true,
  testId: 'autosell_demo_fixed',
  cacheId: 'autosell_demo_fixed'
}
[2025-09-07T22:23:18.066-06:00] goto http://localhost:3000
[2025-09-07T22:23:18.558-06:00] waitForNetworkIdle 2000
[2025-09-07T22:24:57.562-06:00] launching browser with viewport, headed true viewport { width: 1440, height: 768, deviceScaleFactor: 1 } args [
  '--no-sandbox',
  '--disable-setuid-sandbox',
  '--disable-features=HttpsFirstBalancedModeAutoEnable',
  '--disable-features=PasswordLeakDetection',
  '--disable-save-password-bubble',
  '--user-agent="Mozilla/5.0 (Macintosh; Intel Mac OS X 10_15_7) AppleWebKit/537.36 (KHTML, like Gecko) Chrome/127.0.0.0 Safari/537.36"',
  '--start-maximized'
] preference {
  headed: true,
  keepWindow: true,
  testId: 'autosell_demo_correct',
  cacheId: 'autosell_demo_correct'
}
[2025-09-07T22:24:58.238-06:00] goto http://localhost:3000
[2025-09-07T22:24:58.623-06:00] waitForNetworkIdle 2000
